0 verbose cli /usr/local/bin/node /usr/local/bin/npm
1 info using npm@8.11.0
2 info using node@v16.16.0
3 timing npm:load:whichnode Completed in 0ms
4 timing config:load:defaults Completed in 2ms
5 timing config:load:file:/usr/local/lib/node_modules/npm/npmrc Completed in 1ms
6 timing config:load:builtin Completed in 1ms
7 timing config:load:cli Completed in 3ms
8 timing config:load:env Completed in 1ms
9 timing config:load:project Completed in 2ms
10 timing config:load:file:/home/node/.npmrc Completed in 0ms
11 timing config:load:user Completed in 1ms
12 timing config:load:file:/usr/local/etc/npmrc Completed in 1ms
13 timing config:load:global Completed in 1ms
14 timing config:load:validate Completed in 0ms
15 timing config:load:credentials Completed in 2ms
16 timing config:load:setEnvs Completed in 1ms
17 timing config:load Completed in 14ms
18 timing npm:load:configload Completed in 14ms
19 timing npm:load:mkdirpcache Completed in 5ms
20 timing npm:load:mkdirplogs Completed in 1ms
21 verbose title npm start
22 verbose argv "start"
23 timing npm:load:setTitle Completed in 2ms
24 timing config:load:flatten Completed in 4ms
25 timing npm:load:display Completed in 5ms
26 verbose logfile logs-max:10 dir:/home/node/.npm/_logs
27 verbose logfile /home/node/.npm/_logs/2022-08-24T19_32_49_291Z-debug-0.log
28 timing npm:load:logFile Completed in 7ms
29 timing npm:load:timers Completed in 0ms
30 timing npm:load:configScope Completed in 0ms
31 timing npm:load Completed in 36ms
32 silly logfile done cleaning log files
33 http fetch GET 200 https://registry.npmjs.org/npm 436ms (cache miss)
34 http fetch GET 200 https://registry.npmjs.org/npm 1594ms (cache miss)
35 timing command:run-script Completed in 3866687ms
36 timing command:start Completed in 3866692ms
37 notice
37 notice New minor version of npm available! 8.11.0 -> 8.18.0
37 notice Changelog: <https://github.com/npm/cli/releases/tag/v8.18.0>
37 notice Run `npm install -g npm@8.18.0` to update!
37 notice
38 verbose stack Error: command failed
38 verbose stack     at ChildProcess.<anonymous> (/usr/local/lib/node_modules/npm/node_modules/@npmcli/promise-spawn/lib/index.js:63:27)
38 verbose stack     at ChildProcess.emit (node:events:527:28)
38 verbose stack     at maybeClose (node:internal/child_process:1092:16)
38 verbose stack     at Process.ChildProcess._handle.onexit (node:internal/child_process:302:5)
39 verbose pkgid back@1.0.0
40 verbose cwd /home/node
41 verbose Linux 5.15.0-46-generic
42 verbose node v16.16.0
43 verbose npm  v8.11.0
44 error path /home/node
45 error command failed
46 error signal SIGTERM
47 error command sh -c nodemon server.js
48 verbose exit 1
49 timing npm Completed in 3866746ms
50 verbose code 1
51 error A complete log of this run can be found in:
51 error     /home/node/.npm/_logs/2022-08-24T19_32_49_291Z-debug-0.log
